# JRE version: OpenJDK Runtime Environment (11.0.11) (build 11.0.11+0-b60-7590822)
# Java VM: OpenJDK 64-Bit Server VM (11.0.11+0-b60-7590822, mixed mode, tiered, compressed oops, g1 gc, linux-amd64)
Heap:
 garbage-first heap   total 380928K, used 202275K [0x0000000080000000, 0x0000000100000000)
  region size 1024K, 35 young (35840K), 13 survivors (13312K)
 Metaspace       used 143552K, capacity 149649K, committed 149708K, reserved 1179648K
  class space    used 17785K, capacity 19941K, committed 19968K, reserved 1048576K
GC Heap History (20 events):
Event: 664.460 GC heap before
{Heap before GC invocations=131 (full 0):
 garbage-first heap   total 380928K, used 295742K [0x0000000080000000, 0x0000000100000000)
  region size 1024K, 109 young (111616K), 3 survivors (3072K)
 Metaspace       used 137353K, capacity 142418K, committed 143180K, reserved 1173504K
  class space    used 16965K, capacity 18825K, committed 19072K, reserved 1048576K
}
Event: 664.503 GC heap after
{Heap after GC invocations=132 (full 0):
 garbage-first heap   total 380928K, used 198258K [0x0000000080000000, 0x0000000100000000)
  region size 1024K, 13 young (13312K), 13 survivors (13312K)
 Metaspace       used 137353K, capacity 142418K, committed 143180K, reserved 1173504K
  class space    used 16965K, capacity 18825K, committed 19072K, reserved 1048576K
}
Event: 697.633 GC heap before
{Heap before GC invocations=133 (full 0):
 garbage-first heap   total 380928K, used 298610K [0x0000000080000000, 0x0000000100000000)
  region size 1024K, 113 young (115712K), 13 survivors (13312K)
 Metaspace       used 138194K, capacity 143666K, committed 143820K, reserved 1173504K
  class space    used 17111K, capacity 19097K, committed 19200K, reserved 1048576K
}
Event: 697.640 GC heap after
{Heap after GC invocations=134 (full 0):
 garbage-first heap   total 380928K, used 188026K [0x0000000080000000, 0x0000000100000000)
  region size 1024K, 4 young (4096K), 4 survivors (4096K)
 Metaspace       used 138194K, capacity 143666K, committed 143820K, reserved 1173504K
  class space    used 17111K, capacity 19097K, committed 19200K, reserved 1048576K
}
Event: 697.710 GC heap before
{Heap before GC invocations=134 (full 0):
 garbage-first heap   total 380928K, used 202362K [0x0000000080000000, 0x0000000100000000)
  region size 1024K, 18 young (18432K), 4 survivors (4096K)
 Metaspace       used 138407K, capacity 143984K, committed 144076K, reserved 1173504K
  class space    used 17142K, capacity 19155K, committed 19200K, reserved 1048576K
}
Event: 697.728 GC heap after
{Heap after GC invocations=135 (full 0):
 garbage-first heap   total 380928K, used 169041K [0x0000000080000000, 0x0000000100000000)
  region size 1024K, 2 young (2048K), 2 survivors (2048K)
 Metaspace       used 138407K, capacity 143984K, committed 144076K, reserved 1173504K
  class space    used 17142K, capacity 19155K, committed 19200K, reserved 1048576K
}
Event: 698.661 GC heap before
{Heap before GC invocations=135 (full 0):
 garbage-first heap   total 380928K, used 298065K [0x0000000080000000, 0x0000000100000000)
  region size 1024K, 129 young (132096K), 2 survivors (2048K)
 Metaspace       used 138795K, capacity 144540K, committed 144716K, reserved 1175552K
  class space    used 17199K, capacity 19260K, committed 19328K, reserved 1048576K
}
Event: 698.727 GC heap after
{Heap after GC invocations=136 (full 0):
 garbage-first heap   total 380928K, used 182168K [0x0000000080000000, 0x0000000100000000)
  region size 1024K, 15 young (15360K), 15 survivors (15360K)
 Metaspace       used 138795K, capacity 144540K, committed 144716K, reserved 1175552K
  class space    used 17199K, capacity 19260K, committed 19328K, reserved 1048576K
}
Event: 726.127 GC heap before
{Heap before GC invocations=137 (full 0):
 garbage-first heap   total 380928K, used 293784K [0x0000000080000000, 0x0000000100000000)
  region size 1024K, 132 young (135168K), 15 survivors (15360K)
 Metaspace       used 138926K, capacity 144642K, committed 144972K, reserved 1175552K
  class space    used 17205K, capacity 19269K, committed 19328K, reserved 1048576K
}
Event: 726.150 GC heap after
{Heap after GC invocations=138 (full 0):
 garbage-first heap   total 380928K, used 182418K [0x0000000080000000, 0x0000000100000000)
  region size 1024K, 9 young (9216K), 9 survivors (9216K)
 Metaspace       used 138926K, capacity 144642K, committed 144972K, reserved 1175552K
  class space    used 17205K, capacity 19269K, committed 19328K, reserved 1048576K
}
Event: 726.244 GC heap before
{Heap before GC invocations=138 (full 0):
 garbage-first heap   total 380928K, used 191634K [0x0000000080000000, 0x0000000100000000)
  region size 1024K, 18 young (18432K), 9 survivors (9216K)
 Metaspace       used 138926K, capacity 144642K, committed 144972K, reserved 1175552K
  class space    used 17205K, capacity 19269K, committed 19328K, reserved 1048576K
}
Event: 726.263 GC heap after
{Heap after GC invocations=139 (full 0):
 garbage-first heap   total 380928K, used 169866K [0x0000000080000000, 0x0000000100000000)
  region size 1024K, 2 young (2048K), 2 survivors (2048K)
 Metaspace       used 138926K, capacity 144642K, committed 144972K, reserved 1175552K
  class space    used 17205K, capacity 19269K, committed 19328K, reserved 1048576K
}
Event: 728.062 GC heap before
{Heap before GC invocations=139 (full 0):
 garbage-first heap   total 380928K, used 298890K [0x0000000080000000, 0x0000000100000000)
  region size 1024K, 129 young (132096K), 2 survivors (2048K)
 Metaspace       used 139249K, capacity 145073K, committed 145356K, reserved 1175552K
  class space    used 17252K, capacity 19356K, committed 19456K, reserved 1048576K
}
Event: 728.101 GC heap after
{Heap after GC invocations=140 (full 0):
 garbage-first heap   total 380928K, used 181877K [0x0000000080000000, 0x0000000100000000)
  region size 1024K, 14 young (14336K), 14 survivors (14336K)
 Metaspace       used 139249K, capacity 145073K, committed 145356K, reserved 1175552K
  class space    used 17252K, capacity 19356K, committed 19456K, reserved 1048576K
}
Event: 3277.848 GC heap before
{Heap before GC invocations=141 (full 0):
 garbage-first heap   total 380928K, used 323189K [0x0000000080000000, 0x0000000100000000)
  region size 1024K, 133 young (136192K), 14 survivors (14336K)
 Metaspace       used 141604K, capacity 147603K, committed 147916K, reserved 1177600K
  class space    used 17543K, capacity 19672K, committed 19712K, reserved 1048576K
}
Event: 3277.931 GC heap after
{Heap after GC invocations=142 (full 0):
 garbage-first heap   total 380928K, used 181963K [0x0000000080000000, 0x0000000100000000)
  region size 1024K, 6 young (6144K), 6 survivors (6144K)
 Metaspace       used 141604K, capacity 147603K, committed 147916K, reserved 1177600K
  class space    used 17543K, capacity 19672K, committed 19712K, reserved 1048576K
}
Event: 3278.282 GC heap before
{Heap before GC invocations=142 (full 0):
 garbage-first heap   total 380928K, used 193227K [0x0000000080000000, 0x0000000100000000)
  region size 1024K, 18 young (18432K), 6 survivors (6144K)
 Metaspace       used 141648K, capacity 147672K, committed 147916K, reserved 1177600K
  class space    used 17544K, capacity 19672K, committed 19712K, reserved 1048576K
}
Event: 3278.337 GC heap after
{Heap after GC invocations=143 (full 0):
 garbage-first heap   total 380928K, used 169834K [0x0000000080000000, 0x0000000100000000)
  region size 1024K, 3 young (3072K), 3 survivors (3072K)
 Metaspace       used 141648K, capacity 147672K, committed 147916K, reserved 1177600K
  class space    used 17544K, capacity 19672K, committed 19712K, reserved 1048576K
}
Event: 3280.219 GC heap before
{Heap before GC invocations=143 (full 0):
 garbage-first heap   total 380928K, used 302954K [0x0000000080000000, 0x0000000100000000)
  region size 1024K, 134 young (137216K), 3 survivors (3072K)
 Metaspace       used 143451K, capacity 149521K, committed 149708K, reserved 1179648K
  class space    used 17765K, capacity 19905K, committed 19968K, reserved 1048576K
}
Event: 3280.271 GC heap after
{Heap after GC invocations=144 (full 0):
 garbage-first heap   total 380928K, used 180771K [0x0000000080000000, 0x0000000100000000)
  region size 1024K, 13 young (13312K), 13 survivors (13312K)
 Metaspace       used 143451K, capacity 149521K, committed 149708K, reserved 1179648K
  class space    used 17765K, capacity 19905K, committed 19968K, reserved 1048576K
}

