# JRE version: OpenJDK Runtime Environment (11.0.11) (build 11.0.11+0-b60-7590822)
# Java VM: OpenJDK 64-Bit Server VM (11.0.11+0-b60-7590822, mixed mode, tiered, compressed oops, g1 gc, linux-amd64)
Heap:
 garbage-first heap   total 317440K, used 223536K [0x0000000080000000, 0x0000000100000000)
  region size 1024K, 22 young (22528K), 3 survivors (3072K)
 Metaspace       used 158817K, capacity 163577K, committed 163840K, reserved 1191936K
  class space    used 20334K, capacity 22152K, committed 22272K, reserved 1048576K
GC Heap History (20 events):
Event: 365.810 GC heap before
{Heap before GC invocations=69 (full 0):
 garbage-first heap   total 264192K, used 217271K [0x0000000080000000, 0x0000000100000000)
  region size 1024K, 52 young (53248K), 7 survivors (7168K)
 Metaspace       used 149618K, capacity 154215K, committed 154240K, reserved 1183744K
  class space    used 19133K, capacity 20848K, committed 20864K, reserved 1048576K
}
Event: 365.838 GC heap after
{Heap after GC invocations=70 (full 0):
 garbage-first heap   total 264192K, used 174777K [0x0000000080000000, 0x0000000100000000)
  region size 1024K, 4 young (4096K), 4 survivors (4096K)
 Metaspace       used 149618K, capacity 154215K, committed 154240K, reserved 1183744K
  class space    used 19133K, capacity 20848K, committed 20864K, reserved 1048576K
}
Event: 368.067 GC heap before
{Heap before GC invocations=70 (full 0):
 garbage-first heap   total 264192K, used 219833K [0x0000000080000000, 0x0000000100000000)
  region size 1024K, 48 young (49152K), 4 survivors (4096K)
 Metaspace       used 151397K, capacity 155892K, committed 156032K, reserved 1183744K
  class space    used 19357K, capacity 21061K, committed 21120K, reserved 1048576K
}
Event: 368.076 GC heap after
{Heap after GC invocations=71 (full 0):
 garbage-first heap   total 264192K, used 178133K [0x0000000080000000, 0x0000000100000000)
  region size 1024K, 4 young (4096K), 4 survivors (4096K)
 Metaspace       used 151397K, capacity 155892K, committed 156032K, reserved 1183744K
  class space    used 19357K, capacity 21061K, committed 21120K, reserved 1048576K
}
Event: 368.573 GC heap before
{Heap before GC invocations=71 (full 0):
 garbage-first heap   total 264192K, used 222165K [0x0000000080000000, 0x0000000100000000)
  region size 1024K, 47 young (48128K), 4 survivors (4096K)
 Metaspace       used 154776K, capacity 159386K, committed 159616K, reserved 1187840K
  class space    used 19847K, capacity 21579K, committed 21632K, reserved 1048576K
}
Event: 368.580 GC heap after
{Heap after GC invocations=72 (full 0):
 garbage-first heap   total 264192K, used 181900K [0x0000000080000000, 0x0000000100000000)
  region size 1024K, 6 young (6144K), 6 survivors (6144K)
 Metaspace       used 154776K, capacity 159386K, committed 159616K, reserved 1187840K
  class space    used 19847K, capacity 21579K, committed 21632K, reserved 1048576K
}
Event: 368.898 GC heap before
{Heap before GC invocations=72 (full 0):
 garbage-first heap   total 264192K, used 223884K [0x0000000080000000, 0x0000000100000000)
  region size 1024K, 47 young (48128K), 6 survivors (6144K)
 Metaspace       used 156232K, capacity 160967K, committed 161152K, reserved 1187840K
  class space    used 20045K, capacity 21800K, committed 21888K, reserved 1048576K
}
Event: 368.909 GC heap after
{Heap after GC invocations=73 (full 0):
 garbage-first heap   total 264192K, used 187125K [0x0000000080000000, 0x0000000100000000)
  region size 1024K, 5 young (5120K), 5 survivors (5120K)
 Metaspace       used 156232K, capacity 160967K, committed 161152K, reserved 1187840K
  class space    used 20045K, capacity 21800K, committed 21888K, reserved 1048576K
}
Event: 370.354 GC heap before
{Heap before GC invocations=73 (full 0):
 garbage-first heap   total 264192K, used 223989K [0x0000000080000000, 0x0000000100000000)
  region size 1024K, 42 young (43008K), 5 survivors (5120K)
 Metaspace       used 158453K, capacity 163232K, committed 163456K, reserved 1189888K
  class space    used 20289K, capacity 22068K, committed 22144K, reserved 1048576K
}
Event: 370.365 GC heap after
{Heap after GC invocations=74 (full 0):
 garbage-first heap   total 264192K, used 193238K [0x0000000080000000, 0x0000000100000000)
  region size 1024K, 6 young (6144K), 6 survivors (6144K)
 Metaspace       used 158453K, capacity 163232K, committed 163456K, reserved 1189888K
  class space    used 20289K, capacity 22068K, committed 22144K, reserved 1048576K
}
Event: 370.568 GC heap before
{Heap before GC invocations=74 (full 0):
 garbage-first heap   total 264192K, used 223958K [0x0000000080000000, 0x0000000100000000)
  region size 1024K, 37 young (37888K), 6 survivors (6144K)
 Metaspace       used 158648K, capacity 163383K, committed 163456K, reserved 1189888K
  class space    used 20314K, capacity 22095K, committed 22144K, reserved 1048576K
}
Event: 370.579 GC heap after
{Heap after GC invocations=75 (full 0):
 garbage-first heap   total 264192K, used 198656K [0x0000000080000000, 0x0000000100000000)
  region size 1024K, 5 young (5120K), 5 survivors (5120K)
 Metaspace       used 158648K, capacity 163383K, committed 163456K, reserved 1189888K
  class space    used 20314K, capacity 22095K, committed 22144K, reserved 1048576K
}
Event: 370.694 GC heap before
{Heap before GC invocations=75 (full 0):
 garbage-first heap   total 264192K, used 225280K [0x0000000080000000, 0x0000000100000000)
  region size 1024K, 32 young (32768K), 5 survivors (5120K)
 Metaspace       used 158679K, capacity 163393K, committed 163456K, reserved 1189888K
  class space    used 20314K, capacity 22095K, committed 22144K, reserved 1048576K
}
Event: 370.701 GC heap after
{Heap after GC invocations=76 (full 0):
 garbage-first heap   total 264192K, used 201474K [0x0000000080000000, 0x0000000100000000)
  region size 1024K, 4 young (4096K), 4 survivors (4096K)
 Metaspace       used 158679K, capacity 163393K, committed 163456K, reserved 1189888K
  class space    used 20314K, capacity 22095K, committed 22144K, reserved 1048576K
}
Event: 370.808 GC heap before
{Heap before GC invocations=76 (full 0):
 garbage-first heap   total 264192K, used 227074K [0x0000000080000000, 0x0000000100000000)
  region size 1024K, 30 young (30720K), 4 survivors (4096K)
 Metaspace       used 158690K, capacity 163459K, committed 163712K, reserved 1191936K
  class space    used 20314K, capacity 22095K, committed 22144K, reserved 1048576K
}
Event: 370.814 GC heap after
{Heap after GC invocations=77 (full 0):
 garbage-first heap   total 264192K, used 203574K [0x0000000080000000, 0x0000000100000000)
  region size 1024K, 4 young (4096K), 4 survivors (4096K)
 Metaspace       used 158690K, capacity 163459K, committed 163712K, reserved 1191936K
  class space    used 20314K, capacity 22095K, committed 22144K, reserved 1048576K
}
Event: 370.864 GC heap before
{Heap before GC invocations=77 (full 0):
 garbage-first heap   total 264192K, used 227126K [0x0000000080000000, 0x0000000100000000)
  region size 1024K, 28 young (28672K), 4 survivors (4096K)
 Metaspace       used 158708K, capacity 163461K, committed 163712K, reserved 1191936K
  class space    used 20314K, capacity 22095K, committed 22144K, reserved 1048576K
}
Event: 370.870 GC heap after
{Heap after GC invocations=78 (full 0):
 garbage-first heap   total 264192K, used 204846K [0x0000000080000000, 0x0000000100000000)
  region size 1024K, 4 young (4096K), 4 survivors (4096K)
 Metaspace       used 158708K, capacity 163461K, committed 163712K, reserved 1191936K
  class space    used 20314K, capacity 22095K, committed 22144K, reserved 1048576K
}
Event: 370.954 GC heap before
{Heap before GC invocations=78 (full 0):
 garbage-first heap   total 264192K, used 226350K [0x0000000080000000, 0x0000000100000000)
  region size 1024K, 26 young (26624K), 4 survivors (4096K)
 Metaspace       used 158764K, capacity 163498K, committed 163712K, reserved 1191936K
  class space    used 20323K, capacity 22105K, committed 22144K, reserved 1048576K
}
Event: 370.966 GC heap after
{Heap after GC invocations=79 (full 0):
 garbage-first heap   total 317440K, used 206128K [0x0000000080000000, 0x0000000100000000)
  region size 1024K, 3 young (3072K), 3 survivors (3072K)
 Metaspace       used 158764K, capacity 163498K, committed 163712K, reserved 1191936K
  class space    used 20323K, capacity 22105K, committed 22144K, reserved 1048576K
}

